Warning[205] C:\USERS\100094631\ONEDRIVE\ESCRITORIO\MPLAB 1\SUCESION.ASM 1 : Found directive in column 1. (INCLUDE)
Warning[205] C:\USERS\100094631\ONEDRIVE\ESCRITORIO\MPLAB 1\SUCESION.ASM 2 : Found directive in column 1. (LIST)
Warning[205] C:\USERS\100094631\ONEDRIVE\ESCRITORIO\MPLAB 1\SUCESION.ASM 3 : Found directive in column 1. (ORG)
Warning[203] C:\USERS\100094631\ONEDRIVE\ESCRITORIO\MPLAB 1\SUCESION.ASM 4 : Found opcode in column 1. (BSF)
Warning[203] C:\USERS\100094631\ONEDRIVE\ESCRITORIO\MPLAB 1\SUCESION.ASM 5 : Found opcode in column 1. (CLRF)
Message[302] C:\USERS\100094631\ONEDRIVE\ESCRITORIO\MPLAB 1\SUCESION.ASM 5 : Register in operand not in bank 0.  Ensure that bank bits are correct.
Warning[203] C:\USERS\100094631\ONEDRIVE\ESCRITORIO\MPLAB 1\SUCESION.ASM 6 : Found opcode in column 1. (BSF)
Message[302] C:\USERS\100094631\ONEDRIVE\ESCRITORIO\MPLAB 1\SUCESION.ASM 6 : Register in operand not in bank 0.  Ensure that bank bits are correct.
Warning[203] C:\USERS\100094631\ONEDRIVE\ESCRITORIO\MPLAB 1\SUCESION.ASM 7 : Found opcode in column 1. (BSF)
Message[302] C:\USERS\100094631\ONEDRIVE\ESCRITORIO\MPLAB 1\SUCESION.ASM 7 : Register in operand not in bank 0.  Ensure that bank bits are correct.
Warning[203] C:\USERS\100094631\ONEDRIVE\ESCRITORIO\MPLAB 1\SUCESION.ASM 8 : Found opcode in column 1. (BCF)
Warning[203] C:\USERS\100094631\ONEDRIVE\ESCRITORIO\MPLAB 1\SUCESION.ASM 10 : Found opcode in column 1. (CLRF)
Warning[203] C:\USERS\100094631\ONEDRIVE\ESCRITORIO\MPLAB 1\SUCESION.ASM 11 : Found opcode in column 1. (CLRF)
Warning[203] C:\USERS\100094631\ONEDRIVE\ESCRITORIO\MPLAB 1\SUCESION.ASM 12 : Found opcode in column 1. (MOVLW)
Warning[203] C:\USERS\100094631\ONEDRIVE\ESCRITORIO\MPLAB 1\SUCESION.ASM 13 : Found opcode in column 1. (MOVWF)
Warning[203] C:\USERS\100094631\ONEDRIVE\ESCRITORIO\MPLAB 1\SUCESION.ASM 14 : Found opcode in column 1. (RLF)
Warning[203] C:\USERS\100094631\ONEDRIVE\ESCRITORIO\MPLAB 1\SUCESION.ASM 17 : Found opcode in column 1. (BTFSC)
Warning[203] C:\USERS\100094631\ONEDRIVE\ESCRITORIO\MPLAB 1\SUCESION.ASM 18 : Found opcode in column 1. (CALL)
Warning[203] C:\USERS\100094631\ONEDRIVE\ESCRITORIO\MPLAB 1\SUCESION.ASM 20 : Found opcode in column 1. (GOTO)
Warning[203] C:\USERS\100094631\ONEDRIVE\ESCRITORIO\MPLAB 1\SUCESION.ASM 23 : Found opcode in column 1. (BTFSC)
Warning[203] C:\USERS\100094631\ONEDRIVE\ESCRITORIO\MPLAB 1\SUCESION.ASM 24 : Found opcode in column 1. (GOTO)
Warning[203] C:\USERS\100094631\ONEDRIVE\ESCRITORIO\MPLAB 1\SUCESION.ASM 25 : Found opcode in column 1. (CALL)
Warning[203] C:\USERS\100094631\ONEDRIVE\ESCRITORIO\MPLAB 1\SUCESION.ASM 26 : Found opcode in column 1. (CALL)
Warning[203] C:\USERS\100094631\ONEDRIVE\ESCRITORIO\MPLAB 1\SUCESION.ASM 27 : Found opcode in column 1. (CALL)
Warning[203] C:\USERS\100094631\ONEDRIVE\ESCRITORIO\MPLAB 1\SUCESION.ASM 28 : Found opcode in column 1. (CALL)
Warning[203] C:\USERS\100094631\ONEDRIVE\ESCRITORIO\MPLAB 1\SUCESION.ASM 29 : Found opcode in column 1. (CALL)
Warning[203] C:\USERS\100094631\ONEDRIVE\ESCRITORIO\MPLAB 1\SUCESION.ASM 30 : Found opcode in column 1. (CALL)
Warning[203] C:\USERS\100094631\ONEDRIVE\ESCRITORIO\MPLAB 1\SUCESION.ASM 31 : Found opcode in column 1. (CALL)
Warning[203] C:\USERS\100094631\ONEDRIVE\ESCRITORIO\MPLAB 1\SUCESION.ASM 32 : Found opcode in column 1. (CALL)
Warning[203] C:\USERS\100094631\ONEDRIVE\ESCRITORIO\MPLAB 1\SUCESION.ASM 33 : Found opcode in column 1. (CALL)
Warning[203] C:\USERS\100094631\ONEDRIVE\ESCRITORIO\MPLAB 1\SUCESION.ASM 34 : Found opcode in column 1. (CALL)
Warning[203] C:\USERS\100094631\ONEDRIVE\ESCRITORIO\MPLAB 1\SUCESION.ASM 35 : Found opcode in column 1. (RETURN)
Warning[203] C:\USERS\100094631\ONEDRIVE\ESCRITORIO\MPLAB 1\SUCESION.ASM 38 : Found opcode in column 1. (BTFSC)
Warning[203] C:\USERS\100094631\ONEDRIVE\ESCRITORIO\MPLAB 1\SUCESION.ASM 39 : Found opcode in column 1. (RETURN)
Warning[203] C:\USERS\100094631\ONEDRIVE\ESCRITORIO\MPLAB 1\SUCESION.ASM 40 : Found opcode in column 1. (BTFSS)
Warning[203] C:\USERS\100094631\ONEDRIVE\ESCRITORIO\MPLAB 1\SUCESION.ASM 41 : Found opcode in column 1. (RETURN)
Warning[203] C:\USERS\100094631\ONEDRIVE\ESCRITORIO\MPLAB 1\SUCESION.ASM 42 : Found opcode in column 1. (BTFSS)
Warning[203] C:\USERS\100094631\ONEDRIVE\ESCRITORIO\MPLAB 1\SUCESION.ASM 43 : Found opcode in column 1. (RETURN)
Warning[203] C:\USERS\100094631\ONEDRIVE\ESCRITORIO\MPLAB 1\SUCESION.ASM 44 : Found opcode in column 1. (BTFSS)
Warning[203] C:\USERS\100094631\ONEDRIVE\ESCRITORIO\MPLAB 1\SUCESION.ASM 45 : Found opcode in column 1. (RETURN)
Warning[203] C:\USERS\100094631\ONEDRIVE\ESCRITORIO\MPLAB 1\SUCESION.ASM 46 : Found opcode in column 1. (BTFSS)
Warning[203] C:\USERS\100094631\ONEDRIVE\ESCRITORIO\MPLAB 1\SUCESION.ASM 47 : Found opcode in column 1. (RETURN)
Warning[203] C:\USERS\100094631\ONEDRIVE\ESCRITORIO\MPLAB 1\SUCESION.ASM 48 : Found opcode in column 1. (MOVLW)
Warning[203] C:\USERS\100094631\ONEDRIVE\ESCRITORIO\MPLAB 1\SUCESION.ASM 49 : Found opcode in column 1. (MOVWF)
Warning[203] C:\USERS\100094631\ONEDRIVE\ESCRITORIO\MPLAB 1\SUCESION.ASM 50 : Found opcode in column 1. (RETURN)
Warning[203] C:\USERS\100094631\ONEDRIVE\ESCRITORIO\MPLAB 1\SUCESION.ASM 52 : Found opcode in column 1. (BTFSS)
Warning[203] C:\USERS\100094631\ONEDRIVE\ESCRITORIO\MPLAB 1\SUCESION.ASM 53 : Found opcode in column 1. (RETURN)
Warning[203] C:\USERS\100094631\ONEDRIVE\ESCRITORIO\MPLAB 1\SUCESION.ASM 54 : Found opcode in column 1. (BTFSS)
Warning[203] C:\USERS\100094631\ONEDRIVE\ESCRITORIO\MPLAB 1\SUCESION.ASM 55 : Found opcode in column 1. (RETURN)
Warning[203] C:\USERS\100094631\ONEDRIVE\ESCRITORIO\MPLAB 1\SUCESION.ASM 56 : Found opcode in column 1. (BTFSS)
Warning[203] C:\USERS\100094631\ONEDRIVE\ESCRITORIO\MPLAB 1\SUCESION.ASM 57 : Found opcode in column 1. (RETURN)
Warning[203] C:\USERS\100094631\ONEDRIVE\ESCRITORIO\MPLAB 1\SUCESION.ASM 58 : Found opcode in column 1. (BTFSS)
Warning[203] C:\USERS\100094631\ONEDRIVE\ESCRITORIO\MPLAB 1\SUCESION.ASM 59 : Found opcode in column 1. (RETURN)
Warning[203] C:\USERS\100094631\ONEDRIVE\ESCRITORIO\MPLAB 1\SUCESION.ASM 60 : Found opcode in column 1. (MOVLW)
Warning[203] C:\USERS\100094631\ONEDRIVE\ESCRITORIO\MPLAB 1\SUCESION.ASM 61 : Found opcode in column 1. (MOVWF)
Warning[203] C:\USERS\100094631\ONEDRIVE\ESCRITORIO\MPLAB 1\SUCESION.ASM 62 : Found opcode in column 1. (RETURN)
Warning[203] C:\USERS\100094631\ONEDRIVE\ESCRITORIO\MPLAB 1\SUCESION.ASM 64 : Found opcode in column 1. (BTFSS)
Warning[203] C:\USERS\100094631\ONEDRIVE\ESCRITORIO\MPLAB 1\SUCESION.ASM 65 : Found opcode in column 1. (RETURN)
Warning[203] C:\USERS\100094631\ONEDRIVE\ESCRITORIO\MPLAB 1\SUCESION.ASM 66 : Found opcode in column 1. (BTFSS)
Warning[203] C:\USERS\100094631\ONEDRIVE\ESCRITORIO\MPLAB 1\SUCESION.ASM 67 : Found opcode in column 1. (RETURN)
Warning[203] C:\USERS\100094631\ONEDRIVE\ESCRITORIO\MPLAB 1\SUCESION.ASM 68 : Found opcode in column 1. (BTFSS)
Warning[203] C:\USERS\100094631\ONEDRIVE\ESCRITORIO\MPLAB 1\SUCESION.ASM 69 : Found opcode in column 1. (RETURN)
Warning[203] C:\USERS\100094631\ONEDRIVE\ESCRITORIO\MPLAB 1\SUCESION.ASM 70 : Found opcode in column 1. (BTFSS)
Warning[203] C:\USERS\100094631\ONEDRIVE\ESCRITORIO\MPLAB 1\SUCESION.ASM 71 : Found opcode in column 1. (RETURN)
Warning[203] C:\USERS\100094631\ONEDRIVE\ESCRITORIO\MPLAB 1\SUCESION.ASM 72 : Found opcode in column 1. (MOVLW)
Warning[203] C:\USERS\100094631\ONEDRIVE\ESCRITORIO\MPLAB 1\SUCESION.ASM 73 : Found opcode in column 1. (MOVWF)
Warning[203] C:\USERS\100094631\ONEDRIVE\ESCRITORIO\MPLAB 1\SUCESION.ASM 74 : Found opcode in column 1. (RETURN)
Warning[203] C:\USERS\100094631\ONEDRIVE\ESCRITORIO\MPLAB 1\SUCESION.ASM 76 : Found opcode in column 1. (BTFSS)
Warning[203] C:\USERS\100094631\ONEDRIVE\ESCRITORIO\MPLAB 1\SUCESION.ASM 77 : Found opcode in column 1. (RETURN)
Warning[203] C:\USERS\100094631\ONEDRIVE\ESCRITORIO\MPLAB 1\SUCESION.ASM 78 : Found opcode in column 1. (BTFSS)
Warning[203] C:\USERS\100094631\ONEDRIVE\ESCRITORIO\MPLAB 1\SUCESION.ASM 79 : Found opcode in column 1. (RETURN)
Warning[203] C:\USERS\100094631\ONEDRIVE\ESCRITORIO\MPLAB 1\SUCESION.ASM 80 : Found opcode in column 1. (BTFSS)
Warning[203] C:\USERS\100094631\ONEDRIVE\ESCRITORIO\MPLAB 1\SUCESION.ASM 81 : Found opcode in column 1. (RETURN)
Warning[203] C:\USERS\100094631\ONEDRIVE\ESCRITORIO\MPLAB 1\SUCESION.ASM 82 : Found opcode in column 1. (BTFSS)
Warning[203] C:\USERS\100094631\ONEDRIVE\ESCRITORIO\MPLAB 1\SUCESION.ASM 83 : Found opcode in column 1. (RETURN)
Warning[203] C:\USERS\100094631\ONEDRIVE\ESCRITORIO\MPLAB 1\SUCESION.ASM 84 : Found opcode in column 1. (MOVLW)
Warning[203] C:\USERS\100094631\ONEDRIVE\ESCRITORIO\MPLAB 1\SUCESION.ASM 85 : Found opcode in column 1. (MOVWF)
Warning[203] C:\USERS\100094631\ONEDRIVE\ESCRITORIO\MPLAB 1\SUCESION.ASM 86 : Found opcode in column 1. (RETURN)
Warning[203] C:\USERS\100094631\ONEDRIVE\ESCRITORIO\MPLAB 1\SUCESION.ASM 88 : Found opcode in column 1. (BTFSS)
Warning[203] C:\USERS\100094631\ONEDRIVE\ESCRITORIO\MPLAB 1\SUCESION.ASM 89 : Found opcode in column 1. (RETURN)
Warning[203] C:\USERS\100094631\ONEDRIVE\ESCRITORIO\MPLAB 1\SUCESION.ASM 90 : Found opcode in column 1. (BTFSS)
Warning[203] C:\USERS\100094631\ONEDRIVE\ESCRITORIO\MPLAB 1\SUCESION.ASM 91 : Found opcode in column 1. (RETURN)
Warning[203] C:\USERS\100094631\ONEDRIVE\ESCRITORIO\MPLAB 1\SUCESION.ASM 92 : Found opcode in column 1. (BTFSS)
Warning[203] C:\USERS\100094631\ONEDRIVE\ESCRITORIO\MPLAB 1\SUCESION.ASM 93 : Found opcode in column 1. (RETURN)
Warning[203] C:\USERS\100094631\ONEDRIVE\ESCRITORIO\MPLAB 1\SUCESION.ASM 94 : Found opcode in column 1. (BTFSS)
Warning[203] C:\USERS\100094631\ONEDRIVE\ESCRITORIO\MPLAB 1\SUCESION.ASM 95 : Found opcode in column 1. (RETURN)
Warning[203] C:\USERS\100094631\ONEDRIVE\ESCRITORIO\MPLAB 1\SUCESION.ASM 96 : Found opcode in column 1. (BTFSC)
Warning[203] C:\USERS\100094631\ONEDRIVE\ESCRITORIO\MPLAB 1\SUCESION.ASM 97 : Found opcode in column 1. (RETURN)
Warning[203] C:\USERS\100094631\ONEDRIVE\ESCRITORIO\MPLAB 1\SUCESION.ASM 98 : Found opcode in column 1. (MOVLW)
Warning[203] C:\USERS\100094631\ONEDRIVE\ESCRITORIO\MPLAB 1\SUCESION.ASM 99 : Found opcode in column 1. (MOVWF)
Warning[203] C:\USERS\100094631\ONEDRIVE\ESCRITORIO\MPLAB 1\SUCESION.ASM 100 : Found opcode in column 1. (RETURN)
Warning[203] C:\USERS\100094631\ONEDRIVE\ESCRITORIO\MPLAB 1\SUCESION.ASM 102 : Found opcode in column 1. (BTFSS)
Warning[203] C:\USERS\100094631\ONEDRIVE\ESCRITORIO\MPLAB 1\SUCESION.ASM 103 : Found opcode in column 1. (RETURN)
Warning[203] C:\USERS\100094631\ONEDRIVE\ESCRITORIO\MPLAB 1\SUCESION.ASM 104 : Found opcode in column 1. (BTFSS)
Warning[203] C:\USERS\100094631\ONEDRIVE\ESCRITORIO\MPLAB 1\SUCESION.ASM 105 : Found opcode in column 1. (RETURN)
Warning[203] C:\USERS\100094631\ONEDRIVE\ESCRITORIO\MPLAB 1\SUCESION.ASM 106 : Found opcode in column 1. (BTFSS)
Warning[203] C:\USERS\100094631\ONEDRIVE\ESCRITORIO\MPLAB 1\SUCESION.ASM 107 : Found opcode in column 1. (RETURN)
Warning[203] C:\USERS\100094631\ONEDRIVE\ESCRITORIO\MPLAB 1\SUCESION.ASM 108 : Found opcode in column 1. (BTFSC)
Warning[203] C:\USERS\100094631\ONEDRIVE\ESCRITORIO\MPLAB 1\SUCESION.ASM 109 : Found opcode in column 1. (RETURN)
Warning[203] C:\USERS\100094631\ONEDRIVE\ESCRITORIO\MPLAB 1\SUCESION.ASM 110 : Found opcode in column 1. (MOVLW)
Warning[203] C:\USERS\100094631\ONEDRIVE\ESCRITORIO\MPLAB 1\SUCESION.ASM 111 : Found opcode in column 1. (MOVWF)
Warning[203] C:\USERS\100094631\ONEDRIVE\ESCRITORIO\MPLAB 1\SUCESION.ASM 112 : Found opcode in column 1. (RETURN)
Warning[203] C:\USERS\100094631\ONEDRIVE\ESCRITORIO\MPLAB 1\SUCESION.ASM 114 : Found opcode in column 1. (BTFSC)
Warning[203] C:\USERS\100094631\ONEDRIVE\ESCRITORIO\MPLAB 1\SUCESION.ASM 115 : Found opcode in column 1. (RETURN)
Warning[203] C:\USERS\100094631\ONEDRIVE\ESCRITORIO\MPLAB 1\SUCESION.ASM 116 : Found opcode in column 1. (BTFSS)
Warning[203] C:\USERS\100094631\ONEDRIVE\ESCRITORIO\MPLAB 1\SUCESION.ASM 117 : Found opcode in column 1. (RETURN)
Warning[203] C:\USERS\100094631\ONEDRIVE\ESCRITORIO\MPLAB 1\SUCESION.ASM 118 : Found opcode in column 1. (BTFSS)
Warning[203] C:\USERS\100094631\ONEDRIVE\ESCRITORIO\MPLAB 1\SUCESION.ASM 119 : Found opcode in column 1. (RETURN)
Warning[203] C:\USERS\100094631\ONEDRIVE\ESCRITORIO\MPLAB 1\SUCESION.ASM 120 : Found opcode in column 1. (BTFSS)
Warning[203] C:\USERS\100094631\ONEDRIVE\ESCRITORIO\MPLAB 1\SUCESION.ASM 121 : Found opcode in column 1. (RETURN)
Warning[203] C:\USERS\100094631\ONEDRIVE\ESCRITORIO\MPLAB 1\SUCESION.ASM 122 : Found opcode in column 1. (BTFSC)
Warning[203] C:\USERS\100094631\ONEDRIVE\ESCRITORIO\MPLAB 1\SUCESION.ASM 123 : Found opcode in column 1. (RETURN)
Warning[203] C:\USERS\100094631\ONEDRIVE\ESCRITORIO\MPLAB 1\SUCESION.ASM 124 : Found opcode in column 1. (MOVLW)
Warning[203] C:\USERS\100094631\ONEDRIVE\ESCRITORIO\MPLAB 1\SUCESION.ASM 125 : Found opcode in column 1. (MOVWF)
Warning[203] C:\USERS\100094631\ONEDRIVE\ESCRITORIO\MPLAB 1\SUCESION.ASM 126 : Found opcode in column 1. (RETURN)
Warning[203] C:\USERS\100094631\ONEDRIVE\ESCRITORIO\MPLAB 1\SUCESION.ASM 128 : Found opcode in column 1. (BTFSS)
Warning[203] C:\USERS\100094631\ONEDRIVE\ESCRITORIO\MPLAB 1\SUCESION.ASM 129 : Found opcode in column 1. (RETURN)
Warning[203] C:\USERS\100094631\ONEDRIVE\ESCRITORIO\MPLAB 1\SUCESION.ASM 130 : Found opcode in column 1. (BTFSS)
Warning[203] C:\USERS\100094631\ONEDRIVE\ESCRITORIO\MPLAB 1\SUCESION.ASM 131 : Found opcode in column 1. (RETURN)
Warning[203] C:\USERS\100094631\ONEDRIVE\ESCRITORIO\MPLAB 1\SUCESION.ASM 132 : Found opcode in column 1. (BTFSS)
Warning[203] C:\USERS\100094631\ONEDRIVE\ESCRITORIO\MPLAB 1\SUCESION.ASM 133 : Found opcode in column 1. (RETURN)
Warning[203] C:\USERS\100094631\ONEDRIVE\ESCRITORIO\MPLAB 1\SUCESION.ASM 134 : Found opcode in column 1. (BTFSC)
Warning[203] C:\USERS\100094631\ONEDRIVE\ESCRITORIO\MPLAB 1\SUCESION.ASM 135 : Found opcode in column 1. (RETURN)
Warning[203] C:\USERS\100094631\ONEDRIVE\ESCRITORIO\MPLAB 1\SUCESION.ASM 136 : Found opcode in column 1. (BTFSC)
Warning[203] C:\USERS\100094631\ONEDRIVE\ESCRITORIO\MPLAB 1\SUCESION.ASM 137 : Found opcode in column 1. (RETURN)
Warning[203] C:\USERS\100094631\ONEDRIVE\ESCRITORIO\MPLAB 1\SUCESION.ASM 138 : Found opcode in column 1. (MOVLW)
Warning[203] C:\USERS\100094631\ONEDRIVE\ESCRITORIO\MPLAB 1\SUCESION.ASM 139 : Found opcode in column 1. (MOVWF)
Warning[203] C:\USERS\100094631\ONEDRIVE\ESCRITORIO\MPLAB 1\SUCESION.ASM 140 : Found opcode in column 1. (RETURN)
Warning[203] C:\USERS\100094631\ONEDRIVE\ESCRITORIO\MPLAB 1\SUCESION.ASM 142 : Found opcode in column 1. (BTFSC)
Warning[203] C:\USERS\100094631\ONEDRIVE\ESCRITORIO\MPLAB 1\SUCESION.ASM 143 : Found opcode in column 1. (RETURN)
Warning[203] C:\USERS\100094631\ONEDRIVE\ESCRITORIO\MPLAB 1\SUCESION.ASM 144 : Found opcode in column 1. (BTFSS)
Warning[203] C:\USERS\100094631\ONEDRIVE\ESCRITORIO\MPLAB 1\SUCESION.ASM 145 : Found opcode in column 1. (RETURN)
Warning[203] C:\USERS\100094631\ONEDRIVE\ESCRITORIO\MPLAB 1\SUCESION.ASM 146 : Found opcode in column 1. (BTFSS)
Warning[203] C:\USERS\100094631\ONEDRIVE\ESCRITORIO\MPLAB 1\SUCESION.ASM 147 : Found opcode in column 1. (RETURN)
Warning[203] C:\USERS\100094631\ONEDRIVE\ESCRITORIO\MPLAB 1\SUCESION.ASM 148 : Found opcode in column 1. (BTFSS)
Warning[203] C:\USERS\100094631\ONEDRIVE\ESCRITORIO\MPLAB 1\SUCESION.ASM 149 : Found opcode in column 1. (RETURN)
Warning[203] C:\USERS\100094631\ONEDRIVE\ESCRITORIO\MPLAB 1\SUCESION.ASM 150 : Found opcode in column 1. (BTFSC)
Warning[203] C:\USERS\100094631\ONEDRIVE\ESCRITORIO\MPLAB 1\SUCESION.ASM 151 : Found opcode in column 1. (RETURN)
Warning[203] C:\USERS\100094631\ONEDRIVE\ESCRITORIO\MPLAB 1\SUCESION.ASM 152 : Found opcode in column 1. (MOVLW)
Warning[203] C:\USERS\100094631\ONEDRIVE\ESCRITORIO\MPLAB 1\SUCESION.ASM 153 : Found opcode in column 1. (MOVWF)
Warning[203] C:\USERS\100094631\ONEDRIVE\ESCRITORIO\MPLAB 1\SUCESION.ASM 154 : Found opcode in column 1. (RETURN)
Warning[205] C:\USERS\100094631\ONEDRIVE\ESCRITORIO\MPLAB 1\SUCESION.ASM 157 : Found directive in column 1. (END)
